[debug] > Exec(early(addDefaultCommands), None, None)
[debug] > Exec(addDefaultCommands, None, None)
[debug] > Exec(early(initialize), None, None)
[debug] > Exec(initialize, None, None)
[debug] > Exec(boot, None, None)
[debug] > Exec(writeSbtVersion, None, None)
[debug] > Exec(reload, None, None)
[debug] > Exec(sbtStashOnFailure, None, None)
[debug] > Exec(onFailure loadFailed, None, None)
[debug] > Exec(loadp, None, None)
[info] welcome to sbt 1.7.0 (Private Build Java 1.8.0_312)
[debug] Load.defaultLoad until apply took 277.999696ms
[debug]           Load.loadUnit: plugins took 304.843387ms
[debug]           Load.loadUnit: defsScala took 0.648585ms
[debug] [Loading] Scanning directory /home/parallels/IdeaProjects/project1/project
[debug] [Loading] Found non-root projects 
[debug] [Loading] Done in /home/parallels/IdeaProjects/project1/project, returning: ()
[debug] deducing auto plugins based on known facts Set(Atom(sbt.plugins.CorePlugin)) and clauses Clauses(Clause(Atom(sbt.plugins.JvmPlugin),Set(Atom(sbt.plugins.IvyPlugin)))
[debug] Clause(Atom(sbt.ScriptedPlugin),Set(Atom(sbt.plugins.JvmPlugin)))
[debug] Clause(Atom(sbt.plugins.SbtPlugin),Set(Atom(sbt.ScriptedPlugin)))
[debug] Clause(Atom(sbt.plugins.SemanticdbPlugin),Set(Atom(sbt.plugins.JvmPlugin)))
[debug] Clause(Atom(sbt.plugins.JUnitXmlReportPlugin),Set(Atom(sbt.plugins.JvmPlugin)))
[debug] Clause(Atom(sbt.plugins.MiniDependencyTreePlugin),Set(Atom(sbt.plugins.JvmPlugin)))
[debug] Clause(Atom(sbt.plugins.CorePlugin),Set(Atom(sbt.plugins.IvyPlugin)))
[debug] Clause(Atom(sbt.plugins.IvyPlugin),Set(Atom(sbt.plugins.JvmPlugin)))
[debug] Clause(Atom(sbt.plugins.JvmPlugin),Set(Atom(sbt.plugins.SemanticdbPlugin)))
[debug] Clause(Atom(sbt.plugins.JvmPlugin),Set(Atom(sbt.plugins.JUnitXmlReportPlugin)))
[debug] Clause(Atom(sbt.plugins.CorePlugin),Set(Atom(sbt.plugins.Giter8TemplatePlugin)))
[debug] Clause(Atom(sbt.plugins.JvmPlugin),Set(Atom(sbt.plugins.MiniDependencyTreePlugin))))
[debug]   :: deduced result: Matched(sbt.plugins.CorePlugin,sbt.plugins.Giter8TemplatePlugin,sbt.plugins.IvyPlugin,sbt.plugins.JvmPlugin,sbt.plugins.MiniDependencyTreePlugin,sbt.plugins.JUnitXmlReportPlugin,sbt.plugins.SemanticdbPlugin)
[debug] Plugins.deducer#function took 38.485656 ms
[debug]               Load.resolveProject(project1-build) took 177.503016ms
[debug]             Load.loadTransitive: finalizeProject(Project(id project1-build, base: /home/parallels/IdeaProjects/project1/project, plugins: List(<none>))) took 290.806999ms
[debug] [Loading] Done in /home/parallels/IdeaProjects/project1/project, returning: (project1-build)
[debug]           Load.loadUnit: loadedProjectsRaw took 369.1303ms
[debug]           Load.loadUnit: cleanEvalClasses took 0.267194ms
[debug]         Load.loadUnit(file:/home/parallels/IdeaProjects/project1/project/, ...) took 699.39082ms
[debug]       Load.apply: load took 1278.186052ms
[debug]       Load.apply: resolveProjects took 9.4256ms
[debug]       Load.apply: finalTransforms took 133.829665ms
[debug]       Load.apply: config.delegates took 8.841572ms
[debug]       Load.apply: Def.make(settings)... took 1156.314304ms
[debug]       Load.apply: structureIndex took 473.616978ms
[debug]       Load.apply: mkStreams took 2.071343ms
[info] loading project definition from /home/parallels/IdeaProjects/project1/project
[debug] Running task... Cancel: Signal, check cycles: false, forcegc: true
[debug]     Load.loadUnit: plugins took 5356.830759ms
[debug]     Load.loadUnit: defsScala took 0.011257ms
[debug] [Loading] Scanning directory /home/parallels/IdeaProjects/project1
[debug]       Load.loadUnit: mkEval took 11.52573ms
